<?xml version="1.0" encoding="utf-8"?><testsuites name="pytest tests"><testsuite name="pytest" errors="26" failures="0" skipped="0" tests="70" time="7.568" timestamp="2026-04-24T16:45:30.772529+05:30" hostname="DESKTOP-LT2AG2L"><testcase classname="code-testing.system-integration.test_auth_integration" name="test_login_success" time="0.623"><error message="failed on setup with &quot;pytest.PytestRemovedIn9Warning: 'test_auth_integration.py' requested an async fixture 'test_client', with no plugin or hook that handled it. This is usually an error, as pytest does not natively support it. This will turn into an error in pytest 9.&#10;See: https://docs.pytest.org/en/stable/deprecations.html#sync-test-depending-on-async-fixture&quot;">..\..\..\repos\SDLC AGENTIC API\Agentic-APIs\.venv\Lib\site-packages\pytest_asyncio\plugin.py:458: in setup
    return super().setup()
           ^^^^^^^^^^^^^^^
..\..\..\repos\SDLC AGENTIC API\Agentic-APIs\.venv\Lib\site-packages\pytest_asyncio\plugin.py:728: in pytest_fixture_setup
    return (yield)
            ^^^^^
E   pytest.PytestRemovedIn9Warning: 'test_auth_integration.py' requested an async fixture 'test_client', with no plugin or hook that handled it. This is usually an error, as pytest does not natively support it. This will turn into an error in pytest 9.
E   See: https://docs.pytest.org/en/stable/deprecations.html#sync-test-depending-on-async-fixture</error></testcase><testcase classname="code-testing.system-integration.test_auth_integration" name="test_login_invalid_email" time="0.001"><error message="failed on setup with &quot;pytest.PytestRemovedIn9Warning: 'test_auth_integration.py' requested an async fixture 'test_client', with no plugin or hook that handled it. This is usually an error, as pytest does not natively support it. This will turn into an error in pytest 9.&#10;See: https://docs.pytest.org/en/stable/deprecations.html#sync-test-depending-on-async-fixture&quot;">..\..\..\repos\SDLC AGENTIC API\Agentic-APIs\.venv\Lib\site-packages\pytest_asyncio\plugin.py:458: in setup
    return super().setup()
           ^^^^^^^^^^^^^^^
..\..\..\repos\SDLC AGENTIC API\Agentic-APIs\.venv\Lib\site-packages\pytest_asyncio\plugin.py:728: in pytest_fixture_setup
    return (yield)
            ^^^^^
E   pytest.PytestRemovedIn9Warning: 'test_auth_integration.py' requested an async fixture 'test_client', with no plugin or hook that handled it. This is usually an error, as pytest does not natively support it. This will turn into an error in pytest 9.
E   See: https://docs.pytest.org/en/stable/deprecations.html#sync-test-depending-on-async-fixture</error></testcase><testcase classname="code-testing.system-integration.test_auth_integration" name="test_login_invalid_password" time="0.002"><error message="failed on setup with &quot;pytest.PytestRemovedIn9Warning: 'test_auth_integration.py' requested an async fixture 'test_client', with no plugin or hook that handled it. This is usually an error, as pytest does not natively support it. This will turn into an error in pytest 9.&#10;See: https://docs.pytest.org/en/stable/deprecations.html#sync-test-depending-on-async-fixture&quot;">..\..\..\repos\SDLC AGENTIC API\Agentic-APIs\.venv\Lib\site-packages\pytest_asyncio\plugin.py:458: in setup
    return super().setup()
           ^^^^^^^^^^^^^^^
..\..\..\repos\SDLC AGENTIC API\Agentic-APIs\.venv\Lib\site-packages\pytest_asyncio\plugin.py:728: in pytest_fixture_setup
    return (yield)
            ^^^^^
E   pytest.PytestRemovedIn9Warning: 'test_auth_integration.py' requested an async fixture 'test_client', with no plugin or hook that handled it. This is usually an error, as pytest does not natively support it. This will turn into an error in pytest 9.
E   See: https://docs.pytest.org/en/stable/deprecations.html#sync-test-depending-on-async-fixture</error></testcase><testcase classname="code-testing.system-integration.test_auth_integration" name="test_login_invalid_email_format" time="0.001"><error message="failed on setup with &quot;pytest.PytestRemovedIn9Warning: 'test_auth_integration.py' requested an async fixture 'test_client', with no plugin or hook that handled it. This is usually an error, as pytest does not natively support it. This will turn into an error in pytest 9.&#10;See: https://docs.pytest.org/en/stable/deprecations.html#sync-test-depending-on-async-fixture&quot;">..\..\..\repos\SDLC AGENTIC API\Agentic-APIs\.venv\Lib\site-packages\pytest_asyncio\plugin.py:458: in setup
    return super().setup()
           ^^^^^^^^^^^^^^^
..\..\..\repos\SDLC AGENTIC API\Agentic-APIs\.venv\Lib\site-packages\pytest_asyncio\plugin.py:728: in pytest_fixture_setup
    return (yield)
            ^^^^^
E   pytest.PytestRemovedIn9Warning: 'test_auth_integration.py' requested an async fixture 'test_client', with no plugin or hook that handled it. This is usually an error, as pytest does not natively support it. This will turn into an error in pytest 9.
E   See: https://docs.pytest.org/en/stable/deprecations.html#sync-test-depending-on-async-fixture</error></testcase><testcase classname="code-testing.system-integration.test_auth_integration" name="test_login_empty_password" time="0.001"><error message="failed on setup with &quot;pytest.PytestRemovedIn9Warning: 'test_auth_integration.py' requested an async fixture 'test_client', with no plugin or hook that handled it. This is usually an error, as pytest does not natively support it. This will turn into an error in pytest 9.&#10;See: https://docs.pytest.org/en/stable/deprecations.html#sync-test-depending-on-async-fixture&quot;">..\..\..\repos\SDLC AGENTIC API\Agentic-APIs\.venv\Lib\site-packages\pytest_asyncio\plugin.py:458: in setup
    return super().setup()
           ^^^^^^^^^^^^^^^
..\..\..\repos\SDLC AGENTIC API\Agentic-APIs\.venv\Lib\site-packages\pytest_asyncio\plugin.py:728: in pytest_fixture_setup
    return (yield)
            ^^^^^
E   pytest.PytestRemovedIn9Warning: 'test_auth_integration.py' requested an async fixture 'test_client', with no plugin or hook that handled it. This is usually an error, as pytest does not natively support it. This will turn into an error in pytest 9.
E   See: https://docs.pytest.org/en/stable/deprecations.html#sync-test-depending-on-async-fixture</error></testcase><testcase classname="code-testing.system-integration.test_auth_integration" name="test_logout_success" time="0.002"><error message="failed on setup with &quot;pytest.PytestRemovedIn9Warning: 'test_auth_integration.py' requested an async fixture 'test_client', with no plugin or hook that handled it. This is usually an error, as pytest does not natively support it. This will turn into an error in pytest 9.&#10;See: https://docs.pytest.org/en/stable/deprecations.html#sync-test-depending-on-async-fixture&quot;">..\..\..\repos\SDLC AGENTIC API\Agentic-APIs\.venv\Lib\site-packages\pytest_asyncio\plugin.py:458: in setup
    return super().setup()
           ^^^^^^^^^^^^^^^
..\..\..\repos\SDLC AGENTIC API\Agentic-APIs\.venv\Lib\site-packages\pytest_asyncio\plugin.py:728: in pytest_fixture_setup
    return (yield)
            ^^^^^
E   pytest.PytestRemovedIn9Warning: 'test_auth_integration.py' requested an async fixture 'test_client', with no plugin or hook that handled it. This is usually an error, as pytest does not natively support it. This will turn into an error in pytest 9.
E   See: https://docs.pytest.org/en/stable/deprecations.html#sync-test-depending-on-async-fixture</error></testcase><testcase classname="code-testing.system-integration.test_auth_integration" name="test_logout_without_session" time="0.001"><error message="failed on setup with &quot;pytest.PytestRemovedIn9Warning: 'test_auth_integration.py' requested an async fixture 'test_client', with no plugin or hook that handled it. This is usually an error, as pytest does not natively support it. This will turn into an error in pytest 9.&#10;See: https://docs.pytest.org/en/stable/deprecations.html#sync-test-depending-on-async-fixture&quot;">..\..\..\repos\SDLC AGENTIC API\Agentic-APIs\.venv\Lib\site-packages\pytest_asyncio\plugin.py:458: in setup
    return super().setup()
           ^^^^^^^^^^^^^^^
..\..\..\repos\SDLC AGENTIC API\Agentic-APIs\.venv\Lib\site-packages\pytest_asyncio\plugin.py:728: in pytest_fixture_setup
    return (yield)
            ^^^^^
E   pytest.PytestRemovedIn9Warning: 'test_auth_integration.py' requested an async fixture 'test_client', with no plugin or hook that handled it. This is usually an error, as pytest does not natively support it. This will turn into an error in pytest 9.
E   See: https://docs.pytest.org/en/stable/deprecations.html#sync-test-depending-on-async-fixture</error></testcase><testcase classname="code-testing.system-integration.test_auth_integration" name="test_login_inactive_user" time="0.001"><error message="failed on setup with &quot;pytest.PytestRemovedIn9Warning: 'test_auth_integration.py' requested an async fixture 'test_client', with no plugin or hook that handled it. This is usually an error, as pytest does not natively support it. This will turn into an error in pytest 9.&#10;See: https://docs.pytest.org/en/stable/deprecations.html#sync-test-depending-on-async-fixture&quot;">..\..\..\repos\SDLC AGENTIC API\Agentic-APIs\.venv\Lib\site-packages\pytest_asyncio\plugin.py:458: in setup
    return super().setup()
           ^^^^^^^^^^^^^^^
..\..\..\repos\SDLC AGENTIC API\Agentic-APIs\.venv\Lib\site-packages\pytest_asyncio\plugin.py:728: in pytest_fixture_setup
    return (yield)
            ^^^^^
E   pytest.PytestRemovedIn9Warning: 'test_auth_integration.py' requested an async fixture 'test_client', with no plugin or hook that handled it. This is usually an error, as pytest does not natively support it. This will turn into an error in pytest 9.
E   See: https://docs.pytest.org/en/stable/deprecations.html#sync-test-depending-on-async-fixture</error></testcase><testcase classname="code-testing.system-integration.test_records_integration" name="test_get_all_records_empty" time="0.001"><error message="failed on setup with &quot;pytest.PytestRemovedIn9Warning: 'test_records_integration.py' requested an async fixture 'test_client', with no plugin or hook that handled it. This is usually an error, as pytest does not natively support it. This will turn into an error in pytest 9.&#10;See: https://docs.pytest.org/en/stable/deprecations.html#sync-test-depending-on-async-fixture&quot;">..\..\..\repos\SDLC AGENTIC API\Agentic-APIs\.venv\Lib\site-packages\pytest_asyncio\plugin.py:458: in setup
    return super().setup()
           ^^^^^^^^^^^^^^^
..\..\..\repos\SDLC AGENTIC API\Agentic-APIs\.venv\Lib\site-packages\pytest_asyncio\plugin.py:728: in pytest_fixture_setup
    return (yield)
            ^^^^^
E   pytest.PytestRemovedIn9Warning: 'test_records_integration.py' requested an async fixture 'test_client', with no plugin or hook that handled it. This is usually an error, as pytest does not natively support it. This will turn into an error in pytest 9.
E   See: https://docs.pytest.org/en/stable/deprecations.html#sync-test-depending-on-async-fixture</error></testcase><testcase classname="code-testing.system-integration.test_records_integration" name="test_create_record_success" time="0.001"><error message="failed on setup with &quot;pytest.PytestRemovedIn9Warning: 'test_records_integration.py' requested an async fixture 'test_client', with no plugin or hook that handled it. This is usually an error, as pytest does not natively support it. This will turn into an error in pytest 9.&#10;See: https://docs.pytest.org/en/stable/deprecations.html#sync-test-depending-on-async-fixture&quot;">..\..\..\repos\SDLC AGENTIC API\Agentic-APIs\.venv\Lib\site-packages\pytest_asyncio\plugin.py:458: in setup
    return super().setup()
           ^^^^^^^^^^^^^^^
..\..\..\repos\SDLC AGENTIC API\Agentic-APIs\.venv\Lib\site-packages\pytest_asyncio\plugin.py:728: in pytest_fixture_setup
    return (yield)
            ^^^^^
E   pytest.PytestRemovedIn9Warning: 'test_records_integration.py' requested an async fixture 'test_client', with no plugin or hook that handled it. This is usually an error, as pytest does not natively support it. This will turn into an error in pytest 9.
E   See: https://docs.pytest.org/en/stable/deprecations.html#sync-test-depending-on-async-fixture</error></testcase><testcase classname="code-testing.system-integration.test_records_integration" name="test_create_record_validation_error" time="0.001"><error message="failed on setup with &quot;pytest.PytestRemovedIn9Warning: 'test_records_integration.py' requested an async fixture 'test_client', with no plugin or hook that handled it. This is usually an error, as pytest does not natively support it. This will turn into an error in pytest 9.&#10;See: https://docs.pytest.org/en/stable/deprecations.html#sync-test-depending-on-async-fixture&quot;">..\..\..\repos\SDLC AGENTIC API\Agentic-APIs\.venv\Lib\site-packages\pytest_asyncio\plugin.py:458: in setup
    return super().setup()
           ^^^^^^^^^^^^^^^
..\..\..\repos\SDLC AGENTIC API\Agentic-APIs\.venv\Lib\site-packages\pytest_asyncio\plugin.py:728: in pytest_fixture_setup
    return (yield)
            ^^^^^
E   pytest.PytestRemovedIn9Warning: 'test_records_integration.py' requested an async fixture 'test_client', with no plugin or hook that handled it. This is usually an error, as pytest does not natively support it. This will turn into an error in pytest 9.
E   See: https://docs.pytest.org/en/stable/deprecations.html#sync-test-depending-on-async-fixture</error></testcase><testcase classname="code-testing.system-integration.test_records_integration" name="test_create_record_unauthenticated" time="0.001"><error message="failed on setup with &quot;pytest.PytestRemovedIn9Warning: 'test_records_integration.py' requested an async fixture 'test_client', with no plugin or hook that handled it. This is usually an error, as pytest does not natively support it. This will turn into an error in pytest 9.&#10;See: https://docs.pytest.org/en/stable/deprecations.html#sync-test-depending-on-async-fixture&quot;">..\..\..\repos\SDLC AGENTIC API\Agentic-APIs\.venv\Lib\site-packages\pytest_asyncio\plugin.py:458: in setup
    return super().setup()
           ^^^^^^^^^^^^^^^
..\..\..\repos\SDLC AGENTIC API\Agentic-APIs\.venv\Lib\site-packages\pytest_asyncio\plugin.py:728: in pytest_fixture_setup
    return (yield)
            ^^^^^
E   pytest.PytestRemovedIn9Warning: 'test_records_integration.py' requested an async fixture 'test_client', with no plugin or hook that handled it. This is usually an error, as pytest does not natively support it. This will turn into an error in pytest 9.
E   See: https://docs.pytest.org/en/stable/deprecations.html#sync-test-depending-on-async-fixture</error></testcase><testcase classname="code-testing.system-integration.test_records_integration" name="test_get_all_records_with_data" time="0.001"><error message="failed on setup with &quot;pytest.PytestRemovedIn9Warning: 'test_records_integration.py' requested an async fixture 'test_client', with no plugin or hook that handled it. This is usually an error, as pytest does not natively support it. This will turn into an error in pytest 9.&#10;See: https://docs.pytest.org/en/stable/deprecations.html#sync-test-depending-on-async-fixture&quot;">..\..\..\repos\SDLC AGENTIC API\Agentic-APIs\.venv\Lib\site-packages\pytest_asyncio\plugin.py:458: in setup
    return super().setup()
           ^^^^^^^^^^^^^^^
..\..\..\repos\SDLC AGENTIC API\Agentic-APIs\.venv\Lib\site-packages\pytest_asyncio\plugin.py:728: in pytest_fixture_setup
    return (yield)
            ^^^^^
E   pytest.PytestRemovedIn9Warning: 'test_records_integration.py' requested an async fixture 'test_client', with no plugin or hook that handled it. This is usually an error, as pytest does not natively support it. This will turn into an error in pytest 9.
E   See: https://docs.pytest.org/en/stable/deprecations.html#sync-test-depending-on-async-fixture</error></testcase><testcase classname="code-testing.system-integration.test_records_integration" name="test_update_record_success" time="0.001"><error message="failed on setup with &quot;pytest.PytestRemovedIn9Warning: 'test_records_integration.py' requested an async fixture 'test_client', with no plugin or hook that handled it. This is usually an error, as pytest does not natively support it. This will turn into an error in pytest 9.&#10;See: https://docs.pytest.org/en/stable/deprecations.html#sync-test-depending-on-async-fixture&quot;">..\..\..\repos\SDLC AGENTIC API\Agentic-APIs\.venv\Lib\site-packages\pytest_asyncio\plugin.py:458: in setup
    return super().setup()
           ^^^^^^^^^^^^^^^
..\..\..\repos\SDLC AGENTIC API\Agentic-APIs\.venv\Lib\site-packages\pytest_asyncio\plugin.py:728: in pytest_fixture_setup
    return (yield)
            ^^^^^
E   pytest.PytestRemovedIn9Warning: 'test_records_integration.py' requested an async fixture 'test_client', with no plugin or hook that handled it. This is usually an error, as pytest does not natively support it. This will turn into an error in pytest 9.
E   See: https://docs.pytest.org/en/stable/deprecations.html#sync-test-depending-on-async-fixture</error></testcase><testcase classname="code-testing.system-integration.test_records_integration" name="test_update_record_not_found" time="0.001"><error message="failed on setup with &quot;pytest.PytestRemovedIn9Warning: 'test_records_integration.py' requested an async fixture 'test_client', with no plugin or hook that handled it. This is usually an error, as pytest does not natively support it. This will turn into an error in pytest 9.&#10;See: https://docs.pytest.org/en/stable/deprecations.html#sync-test-depending-on-async-fixture&quot;">..\..\..\repos\SDLC AGENTIC API\Agentic-APIs\.venv\Lib\site-packages\pytest_asyncio\plugin.py:458: in setup
    return super().setup()
           ^^^^^^^^^^^^^^^
..\..\..\repos\SDLC AGENTIC API\Agentic-APIs\.venv\Lib\site-packages\pytest_asyncio\plugin.py:728: in pytest_fixture_setup
    return (yield)
            ^^^^^
E   pytest.PytestRemovedIn9Warning: 'test_records_integration.py' requested an async fixture 'test_client', with no plugin or hook that handled it. This is usually an error, as pytest does not natively support it. This will turn into an error in pytest 9.
E   See: https://docs.pytest.org/en/stable/deprecations.html#sync-test-depending-on-async-fixture</error></testcase><testcase classname="code-testing.system-integration.test_records_integration" name="test_update_record_invalid_id" time="0.001"><error message="failed on setup with &quot;pytest.PytestRemovedIn9Warning: 'test_records_integration.py' requested an async fixture 'test_client', with no plugin or hook that handled it. This is usually an error, as pytest does not natively support it. This will turn into an error in pytest 9.&#10;See: https://docs.pytest.org/en/stable/deprecations.html#sync-test-depending-on-async-fixture&quot;">..\..\..\repos\SDLC AGENTIC API\Agentic-APIs\.venv\Lib\site-packages\pytest_asyncio\plugin.py:458: in setup
    return super().setup()
           ^^^^^^^^^^^^^^^
..\..\..\repos\SDLC AGENTIC API\Agentic-APIs\.venv\Lib\site-packages\pytest_asyncio\plugin.py:728: in pytest_fixture_setup
    return (yield)
            ^^^^^
E   pytest.PytestRemovedIn9Warning: 'test_records_integration.py' requested an async fixture 'test_client', with no plugin or hook that handled it. This is usually an error, as pytest does not natively support it. This will turn into an error in pytest 9.
E   See: https://docs.pytest.org/en/stable/deprecations.html#sync-test-depending-on-async-fixture</error></testcase><testcase classname="code-testing.system-integration.test_records_integration" name="test_delete_record_success" time="0.001"><error message="failed on setup with &quot;pytest.PytestRemovedIn9Warning: 'test_records_integration.py' requested an async fixture 'test_client', with no plugin or hook that handled it. This is usually an error, as pytest does not natively support it. This will turn into an error in pytest 9.&#10;See: https://docs.pytest.org/en/stable/deprecations.html#sync-test-depending-on-async-fixture&quot;">..\..\..\repos\SDLC AGENTIC API\Agentic-APIs\.venv\Lib\site-packages\pytest_asyncio\plugin.py:458: in setup
    return super().setup()
           ^^^^^^^^^^^^^^^
..\..\..\repos\SDLC AGENTIC API\Agentic-APIs\.venv\Lib\site-packages\pytest_asyncio\plugin.py:728: in pytest_fixture_setup
    return (yield)
            ^^^^^
E   pytest.PytestRemovedIn9Warning: 'test_records_integration.py' requested an async fixture 'test_client', with no plugin or hook that handled it. This is usually an error, as pytest does not natively support it. This will turn into an error in pytest 9.
E   See: https://docs.pytest.org/en/stable/deprecations.html#sync-test-depending-on-async-fixture</error></testcase><testcase classname="code-testing.system-integration.test_records_integration" name="test_delete_record_not_found" time="0.001"><error message="failed on setup with &quot;pytest.PytestRemovedIn9Warning: 'test_records_integration.py' requested an async fixture 'test_client', with no plugin or hook that handled it. This is usually an error, as pytest does not natively support it. This will turn into an error in pytest 9.&#10;See: https://docs.pytest.org/en/stable/deprecations.html#sync-test-depending-on-async-fixture&quot;">..\..\..\repos\SDLC AGENTIC API\Agentic-APIs\.venv\Lib\site-packages\pytest_asyncio\plugin.py:458: in setup
    return super().setup()
           ^^^^^^^^^^^^^^^
..\..\..\repos\SDLC AGENTIC API\Agentic-APIs\.venv\Lib\site-packages\pytest_asyncio\plugin.py:728: in pytest_fixture_setup
    return (yield)
            ^^^^^
E   pytest.PytestRemovedIn9Warning: 'test_records_integration.py' requested an async fixture 'test_client', with no plugin or hook that handled it. This is usually an error, as pytest does not natively support it. This will turn into an error in pytest 9.
E   See: https://docs.pytest.org/en/stable/deprecations.html#sync-test-depending-on-async-fixture</error></testcase><testcase classname="code-testing.system-integration.test_records_integration" name="test_delete_record_unauthenticated" time="0.002"><error message="failed on setup with &quot;pytest.PytestRemovedIn9Warning: 'test_records_integration.py' requested an async fixture 'test_client', with no plugin or hook that handled it. This is usually an error, as pytest does not natively support it. This will turn into an error in pytest 9.&#10;See: https://docs.pytest.org/en/stable/deprecations.html#sync-test-depending-on-async-fixture&quot;">..\..\..\repos\SDLC AGENTIC API\Agentic-APIs\.venv\Lib\site-packages\pytest_asyncio\plugin.py:458: in setup
    return super().setup()
           ^^^^^^^^^^^^^^^
..\..\..\repos\SDLC AGENTIC API\Agentic-APIs\.venv\Lib\site-packages\pytest_asyncio\plugin.py:728: in pytest_fixture_setup
    return (yield)
            ^^^^^
E   pytest.PytestRemovedIn9Warning: 'test_records_integration.py' requested an async fixture 'test_client', with no plugin or hook that handled it. This is usually an error, as pytest does not natively support it. This will turn into an error in pytest 9.
E   See: https://docs.pytest.org/en/stable/deprecations.html#sync-test-depending-on-async-fixture</error></testcase><testcase classname="code-testing.system-integration.test_summary_integration" name="test_get_summary_with_records" time="0.001"><error message="failed on setup with &quot;pytest.PytestRemovedIn9Warning: 'test_summary_integration.py' requested an async fixture 'test_client', with no plugin or hook that handled it. This is usually an error, as pytest does not natively support it. This will turn into an error in pytest 9.&#10;See: https://docs.pytest.org/en/stable/deprecations.html#sync-test-depending-on-async-fixture&quot;">..\..\..\repos\SDLC AGENTIC API\Agentic-APIs\.venv\Lib\site-packages\pytest_asyncio\plugin.py:458: in setup
    return super().setup()
           ^^^^^^^^^^^^^^^
..\..\..\repos\SDLC AGENTIC API\Agentic-APIs\.venv\Lib\site-packages\pytest_asyncio\plugin.py:728: in pytest_fixture_setup
    return (yield)
            ^^^^^
E   pytest.PytestRemovedIn9Warning: 'test_summary_integration.py' requested an async fixture 'test_client', with no plugin or hook that handled it. This is usually an error, as pytest does not natively support it. This will turn into an error in pytest 9.
E   See: https://docs.pytest.org/en/stable/deprecations.html#sync-test-depending-on-async-fixture</error></testcase><testcase classname="code-testing.system-integration.test_summary_integration" name="test_get_summary_no_records" time="0.001"><error message="failed on setup with &quot;pytest.PytestRemovedIn9Warning: 'test_summary_integration.py' requested an async fixture 'test_client', with no plugin or hook that handled it. This is usually an error, as pytest does not natively support it. This will turn into an error in pytest 9.&#10;See: https://docs.pytest.org/en/stable/deprecations.html#sync-test-depending-on-async-fixture&quot;">..\..\..\repos\SDLC AGENTIC API\Agentic-APIs\.venv\Lib\site-packages\pytest_asyncio\plugin.py:458: in setup
    return super().setup()
           ^^^^^^^^^^^^^^^
..\..\..\repos\SDLC AGENTIC API\Agentic-APIs\.venv\Lib\site-packages\pytest_asyncio\plugin.py:728: in pytest_fixture_setup
    return (yield)
            ^^^^^
E   pytest.PytestRemovedIn9Warning: 'test_summary_integration.py' requested an async fixture 'test_client', with no plugin or hook that handled it. This is usually an error, as pytest does not natively support it. This will turn into an error in pytest 9.
E   See: https://docs.pytest.org/en/stable/deprecations.html#sync-test-depending-on-async-fixture</error></testcase><testcase classname="code-testing.system-integration.test_summary_integration" name="test_get_summary_unauthenticated" time="0.001"><error message="failed on setup with &quot;pytest.PytestRemovedIn9Warning: 'test_summary_integration.py' requested an async fixture 'test_client', with no plugin or hook that handled it. This is usually an error, as pytest does not natively support it. This will turn into an error in pytest 9.&#10;See: https://docs.pytest.org/en/stable/deprecations.html#sync-test-depending-on-async-fixture&quot;">..\..\..\repos\SDLC AGENTIC API\Agentic-APIs\.venv\Lib\site-packages\pytest_asyncio\plugin.py:458: in setup
    return super().setup()
           ^^^^^^^^^^^^^^^
..\..\..\repos\SDLC AGENTIC API\Agentic-APIs\.venv\Lib\site-packages\pytest_asyncio\plugin.py:728: in pytest_fixture_setup
    return (yield)
            ^^^^^
E   pytest.PytestRemovedIn9Warning: 'test_summary_integration.py' requested an async fixture 'test_client', with no plugin or hook that handled it. This is usually an error, as pytest does not natively support it. This will turn into an error in pytest 9.
E   See: https://docs.pytest.org/en/stable/deprecations.html#sync-test-depending-on-async-fixture</error></testcase><testcase classname="code-testing.system-integration.test_users_integration" name="test_get_user_profile_success" time="0.001"><error message="failed on setup with &quot;pytest.PytestRemovedIn9Warning: 'test_users_integration.py' requested an async fixture 'test_client', with no plugin or hook that handled it. This is usually an error, as pytest does not natively support it. This will turn into an error in pytest 9.&#10;See: https://docs.pytest.org/en/stable/deprecations.html#sync-test-depending-on-async-fixture&quot;">..\..\..\repos\SDLC AGENTIC API\Agentic-APIs\.venv\Lib\site-packages\pytest_asyncio\plugin.py:458: in setup
    return super().setup()
           ^^^^^^^^^^^^^^^
..\..\..\repos\SDLC AGENTIC API\Agentic-APIs\.venv\Lib\site-packages\pytest_asyncio\plugin.py:728: in pytest_fixture_setup
    return (yield)
            ^^^^^
E   pytest.PytestRemovedIn9Warning: 'test_users_integration.py' requested an async fixture 'test_client', with no plugin or hook that handled it. This is usually an error, as pytest does not natively support it. This will turn into an error in pytest 9.
E   See: https://docs.pytest.org/en/stable/deprecations.html#sync-test-depending-on-async-fixture</error></testcase><testcase classname="code-testing.system-integration.test_users_integration" name="test_get_user_profile_not_found" time="0.001"><error message="failed on setup with &quot;pytest.PytestRemovedIn9Warning: 'test_users_integration.py' requested an async fixture 'test_client', with no plugin or hook that handled it. This is usually an error, as pytest does not natively support it. This will turn into an error in pytest 9.&#10;See: https://docs.pytest.org/en/stable/deprecations.html#sync-test-depending-on-async-fixture&quot;">..\..\..\repos\SDLC AGENTIC API\Agentic-APIs\.venv\Lib\site-packages\pytest_asyncio\plugin.py:458: in setup
    return super().setup()
           ^^^^^^^^^^^^^^^
..\..\..\repos\SDLC AGENTIC API\Agentic-APIs\.venv\Lib\site-packages\pytest_asyncio\plugin.py:728: in pytest_fixture_setup
    return (yield)
            ^^^^^
E   pytest.PytestRemovedIn9Warning: 'test_users_integration.py' requested an async fixture 'test_client', with no plugin or hook that handled it. This is usually an error, as pytest does not natively support it. This will turn into an error in pytest 9.
E   See: https://docs.pytest.org/en/stable/deprecations.html#sync-test-depending-on-async-fixture</error></testcase><testcase classname="code-testing.system-integration.test_users_integration" name="test_get_user_profile_invalid_id" time="0.001"><error message="failed on setup with &quot;pytest.PytestRemovedIn9Warning: 'test_users_integration.py' requested an async fixture 'test_client', with no plugin or hook that handled it. This is usually an error, as pytest does not natively support it. This will turn into an error in pytest 9.&#10;See: https://docs.pytest.org/en/stable/deprecations.html#sync-test-depending-on-async-fixture&quot;">..\..\..\repos\SDLC AGENTIC API\Agentic-APIs\.venv\Lib\site-packages\pytest_asyncio\plugin.py:458: in setup
    return super().setup()
           ^^^^^^^^^^^^^^^
..\..\..\repos\SDLC AGENTIC API\Agentic-APIs\.venv\Lib\site-packages\pytest_asyncio\plugin.py:728: in pytest_fixture_setup
    return (yield)
            ^^^^^
E   pytest.PytestRemovedIn9Warning: 'test_users_integration.py' requested an async fixture 'test_client', with no plugin or hook that handled it. This is usually an error, as pytest does not natively support it. This will turn into an error in pytest 9.
E   See: https://docs.pytest.org/en/stable/deprecations.html#sync-test-depending-on-async-fixture</error></testcase><testcase classname="code-testing.system-integration.test_users_integration" name="test_get_user_profile_unauthenticated" time="0.001"><error message="failed on setup with &quot;pytest.PytestRemovedIn9Warning: 'test_users_integration.py' requested an async fixture 'test_client', with no plugin or hook that handled it. This is usually an error, as pytest does not natively support it. This will turn into an error in pytest 9.&#10;See: https://docs.pytest.org/en/stable/deprecations.html#sync-test-depending-on-async-fixture&quot;">..\..\..\repos\SDLC AGENTIC API\Agentic-APIs\.venv\Lib\site-packages\pytest_asyncio\plugin.py:458: in setup
    return super().setup()
           ^^^^^^^^^^^^^^^
..\..\..\repos\SDLC AGENTIC API\Agentic-APIs\.venv\Lib\site-packages\pytest_asyncio\plugin.py:728: in pytest_fixture_setup
    return (yield)
            ^^^^^
E   pytest.PytestRemovedIn9Warning: 'test_users_integration.py' requested an async fixture 'test_client', with no plugin or hook that handled it. This is usually an error, as pytest does not natively support it. This will turn into an error in pytest 9.
E   See: https://docs.pytest.org/en/stable/deprecations.html#sync-test-depending-on-async-fixture</error></testcase><testcase classname="code-testing.unit.test_config.TestSettings" name="test_default_mongodb_url" time="0.002" /><testcase classname="code-testing.unit.test_config.TestSettings" name="test_default_mongodb_database" time="0.002" /><testcase classname="code-testing.unit.test_config.TestSettings" name="test_default_frontend_origin" time="0.002" /><testcase classname="code-testing.unit.test_config.TestSettings" name="test_default_api_v1_prefix" time="0.001" /><testcase classname="code-testing.unit.test_config.TestSettings" name="test_default_session_cookie_name" time="0.001" /><testcase classname="code-testing.unit.test_config.TestSettings" name="test_default_session_max_age" time="0.002" /><testcase classname="code-testing.unit.test_config.TestSettings" name="test_settings_from_env_variables" time="0.002" /><testcase classname="code-testing.unit.test_schemas.TestLoginRequestDto" name="test_valid_login_request" time="0.013" /><testcase classname="code-testing.unit.test_schemas.TestLoginRequestDto" name="test_invalid_email_format" time="0.006" /><testcase classname="code-testing.unit.test_schemas.TestLoginRequestDto" name="test_empty_password_rejected" time="0.003" /><testcase classname="code-testing.unit.test_schemas.TestCreateRecordDto" name="test_valid_income_record" time="0.004" /><testcase classname="code-testing.unit.test_schemas.TestCreateRecordDto" name="test_valid_expense_record" time="0.001" /><testcase classname="code-testing.unit.test_schemas.TestCreateRecordDto" name="test_invalid_type_rejected" time="0.003" /><testcase classname="code-testing.unit.test_schemas.TestCreateRecordDto" name="test_zero_amount_rejected" time="0.004" /><testcase classname="code-testing.unit.test_schemas.TestCreateRecordDto" name="test_negative_amount_rejected" time="0.002" /><testcase classname="code-testing.unit.test_schemas.TestCreateRecordDto" name="test_empty_category_rejected" time="0.002" /><testcase classname="code-testing.unit.test_schemas.TestCreateRecordDto" name="test_empty_description_rejected" time="0.002" /><testcase classname="code-testing.unit.test_schemas.TestCreateRecordDto" name="test_invalid_date_format_rejected" time="0.002" /><testcase classname="code-testing.unit.test_schemas.TestCreateRecordDto" name="test_valid_iso_datetime_accepted" time="0.001" /><testcase classname="code-testing.unit.test_schemas.TestUpdateRecordDto" name="test_update_all_fields" time="0.002" /><testcase classname="code-testing.unit.test_schemas.TestUpdateRecordDto" name="test_same_validations_as_create" time="0.002" /><testcase classname="code-testing.unit.test_schemas.TestRecordDto" name="test_valid_record_response" time="0.002" /><testcase classname="code-testing.unit.test_schemas.TestRecordListDto" name="test_empty_record_list" time="0.002" /><testcase classname="code-testing.unit.test_schemas.TestRecordListDto" name="test_record_list_with_items" time="0.001" /><testcase classname="code-testing.unit.test_schemas.TestFinancialSummaryDto" name="test_positive_balance" time="0.002" /><testcase classname="code-testing.unit.test_schemas.TestFinancialSummaryDto" name="test_negative_balance" time="0.001" /><testcase classname="code-testing.unit.test_schemas.TestFinancialSummaryDto" name="test_zero_balance" time="0.002" /><testcase classname="code-testing.unit.test_schemas.TestUserProfileDto" name="test_valid_user_profile" time="0.001" /><testcase classname="code-testing.unit.test_schemas.TestErrorDtos" name="test_error_dto" time="0.001" /><testcase classname="code-testing.unit.test_schemas.TestErrorDtos" name="test_validation_error_detail" time="0.001" /><testcase classname="code-testing.unit.test_schemas.TestErrorDtos" name="test_validation_error_dto" time="0.001" /><testcase classname="code-testing.unit.test_security.TestPasswordHashing" name="test_hash_password_returns_string" time="0.426" /><testcase classname="code-testing.unit.test_security.TestPasswordHashing" name="test_hash_password_different_each_time" time="0.840" /><testcase classname="code-testing.unit.test_security.TestPasswordHashing" name="test_verify_password_correct" time="0.848" /><testcase classname="code-testing.unit.test_security.TestPasswordHashing" name="test_verify_password_incorrect" time="0.837" /><testcase classname="code-testing.unit.test_security.TestPasswordHashing" name="test_verify_password_empty_string" time="0.839" /><testcase classname="code-testing.unit.test_security.TestSessionManagement" name="test_create_session_returns_token" time="0.001" /><testcase classname="code-testing.unit.test_security.TestSessionManagement" name="test_create_session_stores_user_id" time="0.001" /><testcase classname="code-testing.unit.test_security.TestSessionManagement" name="test_get_session_valid_token" time="0.001" /><testcase classname="code-testing.unit.test_security.TestSessionManagement" name="test_get_session_invalid_token" time="0.002" /><testcase classname="code-testing.unit.test_security.TestSessionManagement" name="test_get_session_expired_token" time="0.001" /><testcase classname="code-testing.unit.test_security.TestSessionManagement" name="test_invalidate_session_removes_token" time="0.001" /><testcase classname="code-testing.unit.test_security.TestSessionManagement" name="test_invalidate_session_nonexistent_token" time="0.001" /><testcase classname="code-testing.unit.test_security.TestSessionManagement" name="test_session_expiry_timestamp" time="0.001" /></testsuite></testsuites>